C51 COMPILER V9.01   DS1302                                                                06/05/2022 06:55:29 PAGE 1   


C51 COMPILER V9.01, COMPILATION OF MODULE DS1302
OBJECT MODULE PLACED IN ds1302.OBJ
COMPILER INVOKED BY: D:\Keil\C51\BIN\C51.EXE ds1302.c ROM(COMPACT) BROWSE DEBUG OBJECTEXTEND

line level    source

   1          #include"reg52.h"
   2          #include"ds1302.h"
   3          //---DS1302写入和读取时分秒的地址命令---//
   4          //---秒分时日月周年 最低位读写位;-------//
   5          uchar code READ_RTC_ADDR[7]={0x81,0x83,0x85,0x87,0x89,0x8b,0x8d}; 
   6          uchar code WRITE_RTC_ADDR[7]={0x80,0x82,0x84,0x86,0x88,0x8a,0x8c};
   7          //READ_RTC_ADDR[i]=WRITE_RTC_ADDR[i]+1;
   8          
   9          //---存储顺序是秒分时日月周年,存储格式是用BCD码---////注意十进制表示
  10          
  11          uchar NOWTIME[7]={0x00,0x00,0x00,0x00,0x00,0x00,0x00};  //12点34分56秒   
  12          
  13          void Ds1302Write(uchar addr,uchar dat)                                  //写入的地址，写入的数据
  14          {
  15   1              uchar n;
  16   1              RST=0;
  17   1              _nop_();
  18   1              SCLK=0;                         //先将SCLK置低电平。
  19   1              _nop_();
  20   1              RST=1;                          //然后将RST(CE)置高电平。
  21   1              _nop_();
  22   1              for(n=0;n<8;n++)        //开始传送八位地址命令
  23   1              {
  24   2                      DSIO=addr&0x01; //数据从低位开始传送
  25   2                      addr>>=1;
  26   2                      SCLK=1;                 //数据在上升沿时，DS1302读取数据
  27   2                      _nop_();
  28   2                      SCLK=0;
  29   2                      _nop_();
  30   2              }
  31   1              for(n=0;n<8;n++)        //写入8位数据
  32   1              {
  33   2                      DSIO=dat&0x01;
  34   2                      dat>>=1;
  35   2                      SCLK=1;                 //数据在上升沿时，DS1302读取数据
  36   2                      _nop_();
  37   2                      SCLK=0;
  38   2                      _nop_();        
  39   2              }        
  40   1              RST=0;                          //传送数据结束
  41   1              _nop_();
  42   1      }
  43          uchar Ds1302Read(uchar addr)
  44          {
  45   1              uchar n,dat,dat1;
  46   1              RST=0;
  47   1              _nop_();
  48   1              SCLK=0;                         //先将SCLK置低电平。
  49   1              _nop_();
  50   1              RST=1;                          //然后将RST(CE)置高电平。
  51   1              _nop_();
  52   1              for(n=0;n<8;n++)        //开始传送八位地址命令
  53   1              {
  54   2                      DSIO=addr&0x01; //数据从低位开始传送
  55   2                      addr>>=1;
C51 COMPILER V9.01   DS1302                                                                06/05/2022 06:55:29 PAGE 2   

  56   2                      SCLK=1;                 //数据在上升沿时，DS1302读取数据
  57   2                      _nop_();
  58   2                      SCLK=0;                 //DS1302下降沿时，放置数据
  59   2                      _nop_();
  60   2              }
  61   1              _nop_();
  62   1              for(n=0;n<8;n++)        //读取8位数据
  63   1              {
  64   2                      dat1=DSIO;              //从最低位开始接收
  65   2                      dat=(dat>>1)|(dat1<<7);
  66   2                      SCLK=1;
  67   2                      _nop_();
  68   2                      SCLK=0;                 //DS1302下降沿时，放置数据
  69   2                      _nop_();
  70   2              }
  71   1              RST=0;
  72   1              _nop_();                        //以下为DS1302复位的稳定时间,必须的。
  73   1              SCLK=1;
  74   1              _nop_();
  75   1              DSIO=0;
  76   1              _nop_();
  77   1              DSIO=1;
  78   1              _nop_();
  79   1              return dat;     
  80   1      }
  81          
  82          void Ds1302Init()
  83          {
  84   1              uchar n;
  85   1              Ds1302Write(0x8E,0X00);                 //禁止写保护，就是关闭写保护功能
  86   1              for(n=0;n<7;n++)                                //写入7个字节的时钟信号：分秒时日月周年
  87   1              {
  88   2                      Ds1302Write(WRITE_RTC_ADDR[n],NOWTIME[n]);      
  89   2              }
  90   1              Ds1302Write(0x8E,0x80);                 //打开写保护功能
  91   1      }
  92          void Ds1302ReadTime()
  93          {
  94   1              uchar n;
  95   1              for(n=0;n<7;n++)                                //读取7个字节的时钟信号：分秒时日月周年
  96   1              {
  97   2                      NOWTIME[n]=Ds1302Read(READ_RTC_ADDR[n]);
  98   2              }
  99   1                      
 100   1      }


MODULE INFORMATION:   STATIC OVERLAYABLE
   CODE SIZE        =    184    ----
   CONSTANT SIZE    =     14    ----
   XDATA SIZE       =   ----    ----
   PDATA SIZE       =   ----    ----
   DATA SIZE        =      7    ----
   IDATA SIZE       =   ----    ----
   BIT SIZE         =   ----    ----
END OF MODULE INFORMATION.


C51 COMPILATION COMPLETE.  0 WARNING(S),  0 ERROR(S)
