C51 COMPILER V9.01   LCD                                                                   04/26/2022 18:47:58 PAGE 1   


C51 COMPILER V9.01, COMPILATION OF MODULE LCD
OBJECT MODULE PLACED IN lcd.OBJ
COMPILER INVOKED BY: D:\Keil\C51\BIN\C51.EXE lcd.c BROWSE DEBUG OBJECTEXTEND

line level    source

   1          #include "lcd.h"
   2          void Lcd1602_Delay1ms(uint c)   
   3          {
   4   1          uchar a,b;
   5   1              for(;c>0;c--)
   6   1              {
   7   2                       for(b=199;b>0;b--)
   8   2                       {
   9   3                              for(a=1;a>0;a--);
  10   3                       }      
  11   2              }       
  12   1      }
  13          #ifndef         LCD1602_4PINS    //当没有定义这个LCD1602_4PINS时
  14          void LcdWriteCom(uchar com)      //写入命令
  15          {
  16   1              LCD1602_E =0;     //使能
  17   1              LCD1602_RS=0;     //选择发送命令
  18   1              LCD1602_RW=0;     //选择写入
  19   1              LCD1602_DATAPINS=com;    //放入命令
  20   1              Lcd1602_Delay1ms(1);    //等待数据稳定
  21   1      
  22   1              LCD1602_E=1;              //写入时序
  23   1              Lcd1602_Delay1ms(5);      //保持时间
  24   1              LCD1602_E=0;
  25   1      }
  26          #else 
              void LcdWriteCom(uchar com)       //写入命令
              {
                      LCD1602_E = 0;   //使能清零
                      LCD1602_RS = 0;  //选择写入命令
                      LCD1602_RW = 0;  //选择写入
              
                      LCD1602_DATAPINS = com; //由于4位的接线是接到P0口的高四位，所以传送高四位不用改
                      Lcd1602_Delay1ms(1);
              
                      LCD1602_E = 1;   //写入时序
                      Lcd1602_Delay1ms(5);
                      LCD1602_E = 0;
              
                      LCD1602_DATAPINS = com << 4; //发送低四位
                      Lcd1602_Delay1ms(1);
              
                      LCD1602_E = 1;   //写入时序
                      Lcd1602_Delay1ms(5);
                      LCD1602_E = 0;
              }
              #endif
  48          /*******************************************************************************
  49          * 函 数 名         : LcdWriteData
  50          * 函数功能                 : 向LCD写入一个字节的数据
  51          * 输    入         : dat
  52          * 输    出         : 无
  53          *******************************************************************************/                   
  54          #ifndef         LCD1602_4PINS              
  55          void LcdWriteData(uchar dat)                    //写入数据
C51 COMPILER V9.01   LCD                                                                   04/26/2022 18:47:58 PAGE 2   

  56          {
  57   1              LCD1602_E = 0;  //使能清零
  58   1              LCD1602_RS = 1; //选择输入数据
  59   1              LCD1602_RW = 0; //选择写入
  60   1      
  61   1              LCD1602_DATAPINS = dat; //写入数据
  62   1              Lcd1602_Delay1ms(1);
  63   1      
  64   1              LCD1602_E = 1;   //写入时序
  65   1              Lcd1602_Delay1ms(5);   //保持时间
  66   1              LCD1602_E = 0;
  67   1      }
  68          #else
              void LcdWriteData(uchar dat)                    //写入数据
              {
                      LCD1602_E = 0;    //使能清零
                      LCD1602_RS = 1;   //选择写入数据
                      LCD1602_RW = 0;   //选择写入
              
                      LCD1602_DATAPINS = dat; //由于4位的接线是接到P0口的高四位，所以传送高四位不用改
                      Lcd1602_Delay1ms(1);
              
                      LCD1602_E = 1;    //写入时序
                      Lcd1602_Delay1ms(5);
                      LCD1602_E = 0;
              
                      LCD1602_DATAPINS = dat << 4; //写入低四位
                      Lcd1602_Delay1ms(1);
              
                      LCD1602_E = 1;    //写入时序
                      Lcd1602_Delay1ms(5);
                      LCD1602_E = 0;
              }
              #endif
  90          /*******************************************************************************
  91          * 函 数 名       : LcdInit()
  92          * 函数功能               : 初始化LCD屏
  93          * 输    入       : 无
  94          * 输    出       : 无
  95          *******************************************************************************/                   
  96          #ifndef         LCD1602_4PINS
  97          void LcdInit()                                            //LCD初始化子程序
  98          {
  99   1              LcdWriteCom(0x38);  //开显示
 100   1              LcdWriteCom(0x0c);  //开显示不显示光标
 101   1              LcdWriteCom(0x06);  //写一个指针加1
 102   1              LcdWriteCom(0x01);  //清屏
 103   1              LcdWriteCom(0x80);  //设置数据指针起点
 104   1      }
 105          #else
              void LcdInit()                                            //LCD初始化子程序
              {
                      LcdWriteCom(0x32);       //将8位总线转为4位总线
                      LcdWriteCom(0x28);       //在四位线下的初始化
                      LcdWriteCom(0x0c);  //开显示不显示光标
                      LcdWriteCom(0x06);  //写一个指针加1
                      LcdWriteCom(0x01);  //清屏
                      LcdWriteCom(0x80);  //设置数据指针起点
              }
              #endif


C51 COMPILER V9.01   LCD                                                                   04/26/2022 18:47:58 PAGE 3   

MODULE INFORMATION:   STATIC OVERLAYABLE
   CODE SIZE        =     87    ----
   CONSTANT SIZE    =   ----    ----
   XDATA SIZE       =   ----    ----
   PDATA SIZE       =   ----    ----
   DATA SIZE        =   ----    ----
   IDATA SIZE       =   ----    ----
   BIT SIZE         =   ----    ----
END OF MODULE INFORMATION.


C51 COMPILATION COMPLETE.  0 WARNING(S),  0 ERROR(S)
